[2025-03-30 06:11:00] Script started
[2025-03-30 06:11:00] Session info: Array
(
    [logged_in] => 1
    [member id] => 10
    [username] => Xeno
    [member pic] => Unknown_acc-removebg.png
    [email] => Xenojiva@gmail.com
)

[2025-03-30 06:11:00] Database connection included
[2025-03-30 06:11:00] POST data: Array
(
    [action] => update_profile_photo
)

[2025-03-30 06:11:00] FILES data: Array
(
    [profile_photo] => Array
        (
            [name] => Illustration.png
            [full_path] => Illustration.png
            [type] => image/png
            [tmp_name] => C:\xampp\tmp\php1E67.tmp
            [error] => 0
            [size] => 533525
        )

)

[2025-03-30 06:11:00] Processing profile photo update
[2025-03-30 06:11:00] Member ID: 10
[2025-03-30 06:11:15] Script started
[2025-03-30 06:11:15] Session info: Array
(
    [logged_in] => 1
    [member id] => 10
    [username] => Xeno
    [member pic] => Unknown_acc-removebg.png
    [email] => Xenojiva@gmail.com
)

[2025-03-30 06:11:15] Database connection included
[2025-03-30 06:11:15] POST data: Array
(
    [action] => update_profile_photo
)

[2025-03-30 06:11:15] FILES data: Array
(
    [profile_photo] => Array
        (
            [name] => Pen Tool Practise 2.jpg
            [full_path] => Pen Tool Practise 2.jpg
            [type] => image/jpeg
            [tmp_name] => C:\xampp\tmp\php5BEE.tmp
            [error] => 0
            [size] => 146394
        )

)

[2025-03-30 06:11:15] Processing profile photo update
[2025-03-30 06:11:15] Member ID: 10
